{
  "dangerous_miss_limit": 0,
  "dangerous_misses": 0,
  "decision_id": "EQ-B1",
  "failed_pairs": [],
  "gates": {
    "NUM-B1": {
      "failed_pairs": [],
      "passed": true
    },
    "OBS-B1": {
      "failed_pairs": [],
      "passed": true
    },
    "PROV-B1": {
      "failed_pairs": [],
      "passed": true
    },
    "STRUCT-B1": {
      "failed_pairs": [],
      "passed": true
    },
    "TRAJ-B1": {
      "failed_pairs": [],
      "passed": true
    }
  },
  "matched_pairs_expected": 12,
  "matched_pairs_observed": 12,
  "request_digest": "097ca02795195be47cfabaee9a9ae37ee2c8e88ada0417fc59a73eeb69f99b39",
  "sealed": true,
  "status": "pass"
}
