AGGREGATION_START=2026-07-20T13:54:50-03:00
BRANCH=research/stage3b-b2-smoke-confirmatory-b1-execution-v2
HEAD=533ec8128b509fb1a79aedfc749fd93cc94c4c98
REQUEST_SHA256=01048bb8c0b076a8674bddca595471ee9c5cb3a4ada69fabebd8d50a35a183ef
IMAGE=torch2pc-layerwise-thesis:b2-opening-c6c17d8c9698-provenance-v2
IMAGE_ID=sha256:311f438035d379847ad9e036b70b79becd5d23b09b949e6f5fade895b303d186
IMAGE_REVISION=c6c17d8c96981605471293fc28ba417b5c56595b
TORCH2PC_COMMIT=b20d9142e4bdbf57b3ec8bf9f9c4472372ec8db4
CPU_LOG_SHA256=50512120554759268c9d26bbb7ddca36c06f4a2f61fc1253a05facf3ffb30516
ROCM_LOG_SHA256=e98d1101f7088d4a37f2ae5bf717d756c9ae35adf5ef54801d9099e0e1a96d49
PREFLIGHT_JSON_SHA256=325f2b0ec6c3fa43dbc1e9e10c3b72b209b3ee1f1a5c7da5fda52150f5d45e81
 Container torch2pc-layerwise-thesis-control-cpu-run-9429cab41597 Creating 
 Container torch2pc-layerwise-thesis-control-cpu-run-9429cab41597 Created 
{
  "candidate_id": "composite_vjp",
  "control_candidate_id": "isolated_layer_vjp",
  "dangerous_miss_limit": 0,
  "dangerous_misses": 0,
  "decision_id": "EQ-B2",
  "failed_pairs": [],
  "gates": {
    "NUM-B2": {
      "failed_pairs": [],
      "passed": true
    },
    "OBS-B2": {
      "failed_pairs": [],
      "passed": true
    },
    "PROV-B2": {
      "failed_pairs": [],
      "passed": true
    },
    "STRUCT-B2": {
      "failed_pairs": [],
      "passed": true
    },
    "TRAJ-B2": {
      "failed_pairs": [],
      "passed": true
    }
  },
  "matched_triples_expected": 12,
  "matched_triples_observed": 12,
  "pairwise_comparisons_expected": 24,
  "pairwise_comparisons_observed": 24,
  "reference_id": "stage2_baseline",
  "request_digest": "9b674eb58d1729febd2e6e392257722eb34c4986bbe159f8f1321e2d93eceeff",
  "sealed": true,
  "status": "pass"
}
DOCKER_STATUS=0
AGGREGATION_END=2026-07-20T13:54:52-03:00
